/mgc/Leonardo/bin/Linux/spectrum 
-------------------------------------------------
LeonardoSpectrum Level 3 - 2009a.6 (Release Production Release, compiled Aug 17 2009 at 17:56:52)
Copyright 1990-2009 Mentor Graphics.  All rights reserved.
Portions copyright 1991-2009 Compuware Corporation

Checking Security ...

   *** Welcome to Interactive LeonardoSpectrum Level 3 Version 2009a.6 ***

News :
  * Enter "help" to get an overview of all commands
  * Enter <command> -help  to get usage of each command

Session history will be logged to file '/home/acl76/EECS318/Hw1/Q2/leospec.his'
Reading library file `/mgc/Leonardo/lib/tsmc035_typ.syn`...
Library version = 3.0 Release : Patch (a) : 09/13/04
Delays assume: Process=typical Temp= 27.0 C  Voltage=3.30 V  
Info: setting encoding to auto
Info, Command 'load_library' finished successfully
-- Reading file '/home/acl76/EECS318/Hw1/Q2/CLA_4bit.v'...
"/home/acl76/EECS318/Hw1/Q2/CLA_4bit.v", line 11: Error, syntax error near: and #10 Generator[<-
Error(s) found in Verilog source.
pre_optimize: design is not a view
pre_optimize: design is not a view
Info: The target technology was not selected, tsmc035_typ was automatically selected for you.
optimize: design is not a view
Info: The target technology was not selected, tsmc035_typ was automatically selected for you.
.work.FSM.INTERFACE not found
.work.FSM.INTERFACE not found
Info: setting edif_write_arrays to FALSE
FALSE
write: present design is not set to a view
write: present design is not set to a view
write: present design is not set to a view
write: present design is not set to a view
CriticalPath
report_delay: present design is not a view; cannot report delay
